2018-04-15 23:49:07,787  INFO WxminiApplication:50 - Starting WxminiApplication on hao-PC with PID 1524 (E:\gitworkspace\wxmini\web\target\classes started by hao in E:\gitworkspace\wxmini)
2018-04-15 23:49:07,803  INFO WxminiApplication:652 - No active profile set, falling back to default profiles: default
2018-04-15 23:49:07,927  INFO AnnotationConfigServletWebServerApplicationContext:589 - Refreshing org.springframework.boot.web.servlet.context.AnnotationConfigServletWebServerApplicationContext@31794652: startup date [Sun Apr 15 23:49:07 CST 2018]; root of context hierarchy
2018-04-15 23:49:10,654  INFO PostProcessorRegistrationDelegate$BeanPostProcessorChecker:328 - Bean 'txManager' of type [com.hao.wxmini.config.tx.TxManager$$EnhancerBySpringCGLIB$$8d1101b5] is not eligible for getting processed by all BeanPostProcessors (for example: not eligible for auto-proxying)
2018-04-15 23:49:11,990  INFO TomcatWebServer:91 - Tomcat initialized with port(s): 8080 (http)
2018-04-15 23:49:12,020  INFO Http11NioProtocol:180 - Initializing ProtocolHandler ["http-nio-8080"]
2018-04-15 23:49:12,043  INFO StandardService:180 - Starting service [Tomcat]
2018-04-15 23:49:12,045  INFO StandardEngine:180 - Starting Servlet Engine: Apache Tomcat/8.5.28
2018-04-15 23:49:12,053  INFO AprLifecycleListener:180 - The APR based Apache Tomcat Native library which allows optimal performance in production environments was not found on the java.library.path: [D:\Java\jdk1.8.0_131\bin;C:\Windows\Sun\Java\bin;C:\Windows\system32;C:\Windows;D:\Java\jdk1.8.0_131\bin;D:\Java\jdk1.8.0_131\jre\bin;E:\dev\apache-maven-3.5.0\bin;D:\Program Files\VisualSVN Server\bin;C:\Program Files (x86)\NVIDIA Corporation\PhysX\Common;d:\Program Files\Git\cmd;d:\Program Files\Git\mingw64\bin;d:\Program Files\Git\usr\bin;C:\Windows\system32;C:\Windows;C:\Windows\system32\wbem;C:\Windows\system32;C:\Users\hao\AppData\Local\GitHubDesktop\bin;.]
2018-04-15 23:49:12,249  INFO [/]:180 - Initializing Spring embedded WebApplicationContext
2018-04-15 23:49:12,250  INFO ContextLoader:285 - Root WebApplicationContext: initialization completed in 4332 ms
2018-04-15 23:49:12,570  INFO ServletRegistrationBean:185 - Servlet dispatcherServlet mapped to [/]
2018-04-15 23:49:12,579  INFO FilterRegistrationBean:243 - Mapping filter: 'characterEncodingFilter' to: [/*]
2018-04-15 23:49:12,580  INFO FilterRegistrationBean:243 - Mapping filter: 'hiddenHttpMethodFilter' to: [/*]
2018-04-15 23:49:12,580  INFO FilterRegistrationBean:243 - Mapping filter: 'httpPutFormContentFilter' to: [/*]
2018-04-15 23:49:12,580  INFO FilterRegistrationBean:243 - Mapping filter: 'requestContextFilter' to: [/*]
2018-04-15 23:49:15,064  INFO RequestMappingHandlerAdapter:567 - Looking for @ControllerAdvice: org.springframework.boot.web.servlet.context.AnnotationConfigServletWebServerApplicationContext@31794652: startup date [Sun Apr 15 23:49:07 CST 2018]; root of context hierarchy
2018-04-15 23:49:15,242  INFO RequestMappingHandlerMapping:548 - Mapped "{[/user/save]}" onto public com.hao.wxmini.domain.User com.hao.wxmini.web.UserController.save(java.lang.String) throws java.lang.Exception
2018-04-15 23:49:15,245  INFO RequestMappingHandlerMapping:548 - Mapped "{[/user/getById]}" onto public com.hao.wxmini.domain.User com.hao.wxmini.web.UserController.getUserById(java.lang.Long) throws java.lang.Exception
2018-04-15 23:49:15,251  INFO RequestMappingHandlerMapping:548 - Mapped "{[/error]}" onto public org.springframework.http.ResponseEntity<java.util.Map<java.lang.String, java.lang.Object>> org.springframework.boot.autoconfigure.web.servlet.error.BasicErrorController.error(javax.servlet.http.HttpServletRequest)
2018-04-15 23:49:15,252  INFO RequestMappingHandlerMapping:548 - Mapped "{[/error],produces=[text/html]}" onto public org.springframework.web.servlet.ModelAndView org.springframework.boot.autoconfigure.web.servlet.error.BasicErrorController.errorHtml(javax.servlet.http.HttpServletRequest,javax.servlet.http.HttpServletResponse)
2018-04-15 23:49:15,402  INFO SimpleUrlHandlerMapping:373 - Mapped URL path [/webjars/**] onto handler of type [class org.springframework.web.servlet.resource.ResourceHttpRequestHandler]
2018-04-15 23:49:15,403  INFO SimpleUrlHandlerMapping:373 - Mapped URL path [/**] onto handler of type [class org.springframework.web.servlet.resource.ResourceHttpRequestHandler]
2018-04-15 23:49:15,539  INFO SimpleUrlHandlerMapping:373 - Mapped URL path [/**/favicon.ico] onto handler of type [class org.springframework.web.servlet.resource.ResourceHttpRequestHandler]
2018-04-15 23:49:16,072  INFO OptionalLiveReloadServer:57 - LiveReload server is running on port 35729
2018-04-15 23:49:16,529  INFO AnnotationMBeanExporter:434 - Registering beans for JMX exposure on startup
2018-04-15 23:49:16,531  INFO AnnotationMBeanExporter:896 - Bean with name 'dataSource' has been autodetected for JMX exposure
2018-04-15 23:49:16,549  INFO AnnotationMBeanExporter:669 - Located MBean 'dataSource': registering with JMX server as MBean [com.alibaba.druid.pool:name=dataSource,type=DruidDataSource]
2018-04-15 23:49:16,579  INFO Http11NioProtocol:180 - Starting ProtocolHandler ["http-nio-8080"]
2018-04-15 23:49:16,603  INFO NioSelectorPool:180 - Using a shared selector for servlet write/read
2018-04-15 23:49:16,653  INFO TomcatWebServer:205 - Tomcat started on port(s): 8080 (http) with context path ''
2018-04-15 23:49:16,663  INFO WxminiApplication:59 - Started WxminiApplication in 10.267 seconds (JVM running for 12.752)
2018-04-15 23:49:30,140  INFO [/]:180 - Initializing Spring FrameworkServlet 'dispatcherServlet'
2018-04-15 23:49:30,141  INFO DispatcherServlet:494 - FrameworkServlet 'dispatcherServlet': initialization started
2018-04-15 23:49:30,191  INFO DispatcherServlet:513 - FrameworkServlet 'dispatcherServlet': initialization completed in 50 ms
2018-04-15 23:49:30,255  INFO WebLogAspect:36 - URL : http://localhost:8080/user/getById
2018-04-15 23:49:30,255  INFO WebLogAspect:37 - HTTP_METHOD : GET
2018-04-15 23:49:30,256  INFO WebLogAspect:38 - IP : 0:0:0:0:0:0:0:1
2018-04-15 23:49:30,259  INFO WebLogAspect:39 - CLASS_METHOD : com.hao.wxmini.web.UserController.getUserById
2018-04-15 23:49:30,260  INFO WebLogAspect:40 - ARGS : [3]
2018-04-15 23:49:30,361  INFO DruidDataSource:928 - {dataSource-1} inited
2018-04-15 23:49:30,651  INFO WebLogAspect:45 - 返回内容:User{id=3, name='hao'}
